  Application.cpp
  ModulePhysics.cpp
\\Mac\Home\Documents\GitHub\Physics_Pinball\ModulePhysics.cpp(108,23): warning C4244: '=': conversión de 'float' a 'int'; posible pérdida de datos
\\Mac\Home\Documents\GitHub\Physics_Pinball\ModulePhysics.cpp(109,25): warning C4244: '=': conversión de 'float' a 'int'; posible pérdida de datos
\\Mac\Home\Documents\GitHub\Physics_Pinball\ModulePhysics.cpp(169,20): warning C4018: '<': no coinciden signed/unsigned
\\Mac\Home\Documents\GitHub\Physics_Pinball\ModulePhysics.cpp(302,9): warning C4244: '=': conversión de 'int' a 'float32'; posible pérdida de datos
\\Mac\Home\Documents\GitHub\Physics_Pinball\ModulePhysics.cpp(303,9): warning C4244: '=': conversión de 'int' a 'float32'; posible pérdida de datos
\\Mac\Home\Documents\GitHub\Physics_Pinball\ModulePhysics.cpp(304,9): warning C4244: '=': conversión de 'int' a 'float32'; posible pérdida de datos
\\Mac\Home\Documents\GitHub\Physics_Pinball\ModulePhysics.cpp(305,9): warning C4244: '=': conversión de 'int' a 'float32'; posible pérdida de datos
\\Mac\Home\Documents\GitHub\Physics_Pinball\ModulePhysics.cpp(306,40): warning C4244: 'argumento': conversión de 'float32' a 'int'; posible pérdida de datos
\\Mac\Home\Documents\GitHub\Physics_Pinball\ModulePhysics.cpp(306,36): warning C4244: 'argumento': conversión de 'float32' a 'int'; posible pérdida de datos
\\Mac\Home\Documents\GitHub\Physics_Pinball\ModulePhysics.cpp(306,32): warning C4244: 'argumento': conversión de 'float32' a 'int'; posible pérdida de datos
\\Mac\Home\Documents\GitHub\Physics_Pinball\ModulePhysics.cpp(306,28): warning C4244: 'argumento': conversión de 'float32' a 'int'; posible pérdida de datos
\\Mac\Home\Documents\GitHub\Physics_Pinball\ModulePhysics.cpp(378,13): warning C4244: 'inicializando': conversión de 'int' a 'float'; posible pérdida de datos
\\Mac\Home\Documents\GitHub\Physics_Pinball\ModulePhysics.cpp(379,13): warning C4244: 'inicializando': conversión de 'int' a 'float'; posible pérdida de datos
  ModulePlayer.cpp
  ModuleSceneIntro.cpp
\\Mac\Home\Documents\GitHub\Physics_Pinball\ModulePhysics.cpp(385,27): warning C4244: 'return': conversión de 'float32' a 'int'; posible pérdida de datos
\\Mac\Home\Documents\GitHub\Physics_Pinball\ModuleSceneIntro.cpp(81,9): warning C4101: 'y': variable local sin referencia
\\Mac\Home\Documents\GitHub\Physics_Pinball\ModuleSceneIntro.cpp(81,6): warning C4101: 'x': variable local sin referencia
  Generando código...
\\Mac\Home\Documents\GitHub\Physics_Pinball\ModuleSceneIntro.cpp(385,47): warning C4244: 'argumento': conversión de 'int' a 'float32'; posible pérdida de datos
  SDL Game.vcxproj -> \\Mac\Home\Documents\GitHub\Physics_Pinball\Debug\2D Physics - class 4.exe
